Arguments: 
  /usr/local/bin/node /usr/local/Cellar/yarn/1.22.4/libexec/bin/yarn.js run build

PATH: 
  /Users/zacharymckenna/Library/Android/sdk/platform-tools:/Users/zacharymckenna/bin:/usr/local/bin:/usr/local/bin:/usr/bin:/bin:/usr/sbin:/sbin:/Applications/VMware Fusion.app/Contents/Public:/usr/local/share/dotnet:/opt/X11/bin:~/.dotnet/tools:/Library/Frameworks/Mono.framework/Versions/Current/Commands:/Users/zacharymckenna/Library/Android/sdk/platform-tools:/Users/zacharymckenna/bin

Yarn version: 
  1.22.4

Node version: 
  14.8.0

Platform: 
  darwin x64

Trace: 
  TypeError: Cannot use 'in' operator to search for 'build' in node ./src/index.js
      at /usr/local/Cellar/yarn/1.22.4/libexec/lib/cli.js:62379:34
      at Generator.next (<anonymous>)
      at step (/usr/local/Cellar/yarn/1.22.4/libexec/lib/cli.js:310:30)
      at /usr/local/Cellar/yarn/1.22.4/libexec/lib/cli.js:328:14
      at new Promise (<anonymous>)
      at new F (/usr/local/Cellar/yarn/1.22.4/libexec/lib/cli.js:5301:28)
      at /usr/local/Cellar/yarn/1.22.4/libexec/lib/cli.js:307:12
      at realRunCommand (/usr/local/Cellar/yarn/1.22.4/libexec/lib/cli.js:62471:23)
      at action.action (/usr/local/Cellar/yarn/1.22.4/libexec/lib/cli.js:62532:16)
      at callThroughHook (/usr/local/Cellar/yarn/1.22.4/libexec/lib/cli.js:66371:12)

npm manifest: 
  {
    "name": "static-site-gen",
    "version": "1.0.0",
    "main": "index.js",
    "scripts": "node ./src/index.js",
    "author": "Zack McKenna",
    "license": "MIT",
    "dependencies": {
      "front-matter": "^4.0.2",
      "highlight.js": "^10.4.1",
      "marked": "^1.2.6"
    }
  }

yarn manifest: 
  No manifest

Lockfile: 
  # THIS IS AN AUTOGENERATED FILE. DO NOT EDIT THIS FILE DIRECTLY.
  # yarn lockfile v1
  
  
  argparse@^1.0.7:
    version "1.0.10"
    resolved "https://registry.yarnpkg.com/argparse/-/argparse-1.0.10.tgz#bcd6791ea5ae09725e17e5ad988134cd40b3d911"
    integrity sha512-o5Roy6tNG4SL/FOkCAN6RzjiakZS25RLYFrcMttJqbdd8BWrnA+fGz57iN5Pb06pvBGvl5gQ0B48dJlslXvoTg==
    dependencies:
      sprintf-js "~1.0.2"
  
  esprima@^4.0.0:
    version "4.0.1"
    resolved "https://registry.yarnpkg.com/esprima/-/esprima-4.0.1.tgz#13b04cdb3e6c5d19df91ab6987a8695619b0aa71"
    integrity sha512-eGuFFw7Upda+g4p+QHvnW0RyTX/SVeJBDM/gCtMARO0cLuT2HcEKnTPvhjV6aGeqrCB/sbNop0Kszm0jsaWU4A==
  
  front-matter@^4.0.2:
    version "4.0.2"
    resolved "https://registry.yarnpkg.com/front-matter/-/front-matter-4.0.2.tgz#b14e54dc745cfd7293484f3210d15ea4edd7f4d5"
    integrity sha512-I8ZuJ/qG92NWX8i5x1Y8qyj3vizhXS31OxjKDu3LKP+7/qBgfIKValiZIEwoVoJKUHlhWtYrktkxV1XsX+pPlg==
    dependencies:
      js-yaml "^3.13.1"
  
  highlight.js@^10.4.1:
    version "10.4.1"
    resolved "https://registry.yarnpkg.com/highlight.js/-/highlight.js-10.4.1.tgz#d48fbcf4a9971c4361b3f95f302747afe19dbad0"
    integrity sha512-yR5lWvNz7c85OhVAEAeFhVCc/GV4C30Fjzc/rCP0aCWzc1UUOPUk55dK/qdwTZHBvMZo+eZ2jpk62ndX/xMFlg==
  
  js-yaml@^3.13.1:
    version "3.14.1"
    resolved "https://registry.yarnpkg.com/js-yaml/-/js-yaml-3.14.1.tgz#dae812fdb3825fa306609a8717383c50c36a0537"
    integrity sha512-okMH7OXXJ7YrN9Ok3/SXrnu4iX9yOk+25nqX4imS2npuvTYDmo/QEZoqwZkYaIDk3jVvBOTOIEgEhaLOynBS9g==
    dependencies:
      argparse "^1.0.7"
      esprima "^4.0.0"
  
  marked@^1.2.6:
    version "1.2.6"
    resolved "https://registry.yarnpkg.com/marked/-/marked-1.2.6.tgz#fa55cf38ab3585005c9fb3c1ebfb3d4590c29fdc"
    integrity sha512-7vVuSEZ8g/HH3hK/BH/+7u/NJj7x9VY4EHzujLDcqAQLiOUeFJYAsfSAyoWtR17lKrx7b08qyIno4lffwrzTaA==
  
  sprintf-js@~1.0.2:
    version "1.0.3"
    resolved "https://registry.yarnpkg.com/sprintf-js/-/sprintf-js-1.0.3.tgz#04e6926f662895354f3dd015203633b857297e2c"
    integrity sha1-BOaSb2YolTVPPdAVIDYzuFcpfiw=
